<?xml version="1.0" encoding="UTF-8"?>
<!-- Generated by org.testng.reporters.JUnitReportReporter -->
<testsuite skipped="0" hostname="LAPTOP-72VUACFQ" name="Source.TC_01" tests="1" failures="0" timestamp="2019-11-30T17:31:58 IST" time="20.112" errors="0">
  <testcase name="Enter_Creds" time="20.112" classname="Source.TC_01"/>
</testsuite> <!-- Source.TC_01 -->
